# JRE version: OpenJDK Runtime Environment (8.0_152-b01) (build 1.8.0_152-release-915-b01)
# Java VM: OpenJDK 64-Bit Server VM (25.152-b01 mixed mode linux-amd64 compressed oops)
Heap:
 PSYoungGen      total 132096K, used 5088K [0x00000000e0000000, 0x00000000e8600000, 0x0000000100000000)
  eden space 126976K, 0% used [0x00000000e0000000,0x00000000e0000000,0x00000000e7c00000)
  from space 5120K, 99% used [0x00000000e7c00000,0x00000000e80f8030,0x00000000e8100000)
  to   space 5120K, 0% used [0x00000000e8100000,0x00000000e8100000,0x00000000e8600000)
 ParOldGen       total 59392K, used 18445K [0x00000000a0000000, 0x00000000a3a00000, 0x00000000e0000000)
  object space 59392K, 31% used [0x00000000a0000000,0x00000000a1203420,0x00000000a3a00000)
 Metaspace       used 29879K, capacity 30410K, committed 30720K, reserved 1075200K
  class space    used 4089K, capacity 4286K, committed 4352K, reserved 1048576K
GC Heap History (10 events):
Event: 1.084 GC heap after
Heap after GC invocations=1 (full 0):
 PSYoungGen      total 36864K, used 3831K [0x00000000e0000000, 0x00000000e4800000, 0x0000000100000000)
  eden space 31744K, 0% used [0x00000000e0000000,0x00000000e0000000,0x00000000e1f00000)
  from space 5120K, 74% used [0x00000000e1f00000,0x00000000e22bddf8,0x00000000e2400000)
  to   space 5120K, 0% used [0x00000000e4300000,0x00000000e4300000,0x00000000e4800000)
 ParOldGen       total 84992K, used 8K [0x00000000a0000000, 0x00000000a5300000, 0x00000000e0000000)
  object space 84992K, 0% used [0x00000000a0000000,0x00000000a0002000,0x00000000a5300000)
 Metaspace       used 6471K, capacity 6702K, committed 6784K, reserved 1056768K
  class space    used 789K, capacity 875K, committed 896K, reserved 1048576K
}
Event: 2.532 GC heap before
{Heap before GC invocations=2 (full 0):
 PSYoungGen      total 36864K, used 35575K [0x00000000e0000000, 0x00000000e4800000, 0x0000000100000000)
  eden space 31744K, 100% used [0x00000000e0000000,0x00000000e1f00000,0x00000000e1f00000)
  from space 5120K, 74% used [0x00000000e1f00000,0x00000000e22bddf8,0x00000000e2400000)
  to   space 5120K, 0% used [0x00000000e4300000,0x00000000e4300000,0x00000000e4800000)
 ParOldGen       total 84992K, used 8K [0x00000000a0000000, 0x00000000a5300000, 0x00000000e0000000)
  object space 84992K, 0% used [0x00000000a0000000,0x00000000a0002000,0x00000000a5300000)
 Metaspace       used 11768K, capacity 12106K, committed 12288K, reserved 1060864K
  class space    used 1582K, capacity 1703K, committed 1792K, reserved 1048576K
Event: 2.547 GC heap after
Heap after GC invocations=2 (full 0):
 PSYoungGen      total 68608K, used 5117K [0x00000000e0000000, 0x00000000e4800000, 0x0000000100000000)
  eden space 63488K, 0% used [0x00000000e0000000,0x00000000e0000000,0x00000000e3e00000)
  from space 5120K, 99% used [0x00000000e4300000,0x00000000e47ff420,0x00000000e4800000)
  to   space 5120K, 0% used [0x00000000e3e00000,0x00000000e3e00000,0x00000000e4300000)
 ParOldGen       total 84992K, used 698K [0x00000000a0000000, 0x00000000a5300000, 0x00000000e0000000)
  object space 84992K, 0% used [0x00000000a0000000,0x00000000a00aeb48,0x00000000a5300000)
 Metaspace       used 11768K, capacity 12106K, committed 12288K, reserved 1060864K
  class space    used 1582K, capacity 1703K, committed 1792K, reserved 1048576K
}
Event: 4.562 GC heap before
{Heap before GC invocations=3 (full 0):
 PSYoungGen      total 68608K, used 68605K [0x00000000e0000000, 0x00000000e4800000, 0x0000000100000000)
  eden space 63488K, 100% used [0x00000000e0000000,0x00000000e3e00000,0x00000000e3e00000)
  from space 5120K, 99% used [0x00000000e4300000,0x00000000e47ff420,0x00000000e4800000)
  to   space 5120K, 0% used [0x00000000e3e00000,0x00000000e3e00000,0x00000000e4300000)
 ParOldGen       total 84992K, used 698K [0x00000000a0000000, 0x00000000a5300000, 0x00000000e0000000)
  object space 84992K, 0% used [0x00000000a0000000,0x00000000a00aeb48,0x00000000a5300000)
 Metaspace       used 20559K, capacity 21032K, committed 21248K, reserved 1067008K
  class space    used 2849K, capacity 3005K, committed 3072K, reserved 1048576K
Event: 4.598 GC heap after
Heap after GC invocations=3 (full 0):
 PSYoungGen      total 68608K, used 5092K [0x00000000e0000000, 0x00000000e8600000, 0x0000000100000000)
  eden space 63488K, 0% used [0x00000000e0000000,0x00000000e0000000,0x00000000e3e00000)
  from space 5120K, 99% used [0x00000000e3e00000,0x00000000e42f9030,0x00000000e4300000)
  to   space 5120K, 0% used [0x00000000e8100000,0x00000000e8100000,0x00000000e8600000)
 ParOldGen       total 84992K, used 8143K [0x00000000a0000000, 0x00000000a5300000, 0x00000000e0000000)
  object space 84992K, 9% used [0x00000000a0000000,0x00000000a07f3c50,0x00000000a5300000)
 Metaspace       used 20559K, capacity 21032K, committed 21248K, reserved 1067008K
  class space    used 2849K, capacity 3005K, committed 3072K, reserved 1048576K
}
Event: 4.666 GC heap before
{Heap before GC invocations=4 (full 0):
 PSYoungGen      total 68608K, used 5767K [0x00000000e0000000, 0x00000000e8600000, 0x0000000100000000)
  eden space 63488K, 1% used [0x00000000e0000000,0x00000000e00a8d70,0x00000000e3e00000)
  from space 5120K, 99% used [0x00000000e3e00000,0x00000000e42f9030,0x00000000e4300000)
  to   space 5120K, 0% used [0x00000000e8100000,0x00000000e8100000,0x00000000e8600000)
 ParOldGen       total 84992K, used 8143K [0x00000000a0000000, 0x00000000a5300000, 0x00000000e0000000)
  object space 84992K, 9% used [0x00000000a0000000,0x00000000a07f3c50,0x00000000a5300000)
 Metaspace       used 20629K, capacity 21032K, committed 21248K, reserved 1067008K
  class space    used 2857K, capacity 3005K, committed 3072K, reserved 1048576K
Event: 4.692 GC heap after
Heap after GC invocations=4 (full 0):
 PSYoungGen      total 132096K, used 5088K [0x00000000e0000000, 0x00000000e8600000, 0x0000000100000000)
  eden space 126976K, 0% used [0x00000000e0000000,0x00000000e0000000,0x00000000e7c00000)
  from space 5120K, 99% used [0x00000000e8100000,0x00000000e85f8030,0x00000000e8600000)
  to   space 5120K, 0% used [0x00000000e7c00000,0x00000000e7c00000,0x00000000e8100000)
 ParOldGen       total 84992K, used 8250K [0x00000000a0000000, 0x00000000a5300000, 0x00000000e0000000)
  object space 84992K, 9% used [0x00000000a0000000,0x00000000a080eac0,0x00000000a5300000)
 Metaspace       used 20629K, capacity 21032K, committed 21248K, reserved 1067008K
  class space    used 2857K, capacity 3005K, committed 3072K, reserved 1048576K
}
Event: 4.692 GC heap before
{Heap before GC invocations=5 (full 1):
 PSYoungGen      total 132096K, used 5088K [0x00000000e0000000, 0x00000000e8600000, 0x0000000100000000)
  eden space 126976K, 0% used [0x00000000e0000000,0x00000000e0000000,0x00000000e7c00000)
  from space 5120K, 99% used [0x00000000e8100000,0x00000000e85f8030,0x00000000e8600000)
  to   space 5120K, 0% used [0x00000000e7c00000,0x00000000e7c00000,0x00000000e8100000)
 ParOldGen       total 84992K, used 8250K [0x00000000a0000000, 0x00000000a5300000, 0x00000000e0000000)
  object space 84992K, 9% used [0x00000000a0000000,0x00000000a080eac0,0x00000000a5300000)
 Metaspace       used 20629K, capacity 21032K, committed 21248K, reserved 1067008K
  class space    used 2857K, capacity 3005K, committed 3072K, reserved 1048576K
Event: 4.816 GC heap after
Heap after GC invocations=5 (full 1):
 PSYoungGen      total 132096K, used 0K [0x00000000e0000000, 0x00000000e8600000, 0x0000000100000000)
  eden space 126976K, 0% used [0x00000000e0000000,0x00000000e0000000,0x00000000e7c00000)
  from space 5120K, 0% used [0x00000000e8100000,0x00000000e8100000,0x00000000e8600000)
  to   space 5120K, 0% used [0x00000000e7c00000,0x00000000e7c00000,0x00000000e8100000)
 ParOldGen       total 59392K, used 12148K [0x00000000a0000000, 0x00000000a3a00000, 0x00000000e0000000)
  object space 59392K, 20% used [0x00000000a0000000,0x00000000a0bdd1d0,0x00000000a3a00000)
 Metaspace       used 20629K, capacity 21032K, committed 21248K, reserved 1067008K
  class space    used 2857K, capacity 3005K, committed 3072K, reserved 1048576K
}
Event: 116.462 GC heap before
{Heap before GC invocations=6 (full 1):
 PSYoungGen      total 132096K, used 126976K [0x00000000e0000000, 0x00000000e8600000, 0x0000000100000000)
  eden space 126976K, 100% used [0x00000000e0000000,0x00000000e7c00000,0x00000000e7c00000)
  from space 5120K, 0% used [0x00000000e8100000,0x00000000e8100000,0x00000000e8600000)
  to   space 5120K, 0% used [0x00000000e7c00000,0x00000000e7c00000,0x00000000e8100000)
 ParOldGen       total 59392K, used 12148K [0x00000000a0000000, 0x00000000a3a00000, 0x00000000e0000000)
  object space 59392K, 20% used [0x00000000a0000000,0x00000000a0bdd1d0,0x00000000a3a00000)
 Metaspace       used 29879K, capacity 30410K, committed 30720K, reserved 1075200K
  class space    used 4089K, capacity 4286K, committed 4352K, reserved 1048576K

