# JRE version: OpenJDK Runtime Environment (8.0_152-b01) (build 1.8.0_152-release-915-b01)
# Java VM: OpenJDK 64-Bit Server VM (25.152-b01 mixed mode linux-amd64 compressed oops)
Heap:
 PSYoungGen      total 126464K, used 10224K [0x00000000e0000000, 0x00000000e8d00000, 0x0000000100000000)
  eden space 116224K, 0% used [0x00000000e0000000,0x00000000e0000000,0x00000000e7180000)
  from space 10240K, 99% used [0x00000000e7900000,0x00000000e82fc298,0x00000000e8300000)
  to   space 7168K, 0% used [0x00000000e8600000,0x00000000e8600000,0x00000000e8d00000)
 ParOldGen       total 48640K, used 6943K [0x00000000a0000000, 0x00000000a2f80000, 0x00000000e0000000)
  object space 48640K, 14% used [0x00000000a0000000,0x00000000a06c7f68,0x00000000a2f80000)
 Metaspace       used 32155K, capacity 32874K, committed 33024K, reserved 1077248K
  class space    used 4369K, capacity 4602K, committed 4608K, reserved 1048576K
GC Heap History (10 events):
Event: 2.786 GC heap after
Heap after GC invocations=3 (full 0):
 PSYoungGen      total 36864K, used 5100K [0x00000000e0000000, 0x00000000e4800000, 0x0000000100000000)
  eden space 31744K, 0% used [0x00000000e0000000,0x00000000e0000000,0x00000000e1f00000)
  from space 5120K, 99% used [0x00000000e1f00000,0x00000000e23fb368,0x00000000e2400000)
  to   space 5120K, 0% used [0x00000000e4300000,0x00000000e4300000,0x00000000e4800000)
 ParOldGen       total 84992K, used 2979K [0x00000000a0000000, 0x00000000a5300000, 0x00000000e0000000)
  object space 84992K, 3% used [0x00000000a0000000,0x00000000a02e8da0,0x00000000a5300000)
 Metaspace       used 14676K, capacity 15054K, committed 15360K, reserved 1062912K
  class space    used 2092K, capacity 2217K, committed 2304K, reserved 1048576K
}
Event: 3.913 GC heap before
{Heap before GC invocations=4 (full 0):
 PSYoungGen      total 36864K, used 36844K [0x00000000e0000000, 0x00000000e4800000, 0x0000000100000000)
  eden space 31744K, 100% used [0x00000000e0000000,0x00000000e1f00000,0x00000000e1f00000)
  from space 5120K, 99% used [0x00000000e1f00000,0x00000000e23fb368,0x00000000e2400000)
  to   space 5120K, 0% used [0x00000000e4300000,0x00000000e4300000,0x00000000e4800000)
 ParOldGen       total 84992K, used 2979K [0x00000000a0000000, 0x00000000a5300000, 0x00000000e0000000)
  object space 84992K, 3% used [0x00000000a0000000,0x00000000a02e8da0,0x00000000a5300000)
 Metaspace       used 20460K, capacity 20968K, committed 21248K, reserved 1067008K
  class space    used 2838K, capacity 3005K, committed 3072K, reserved 1048576K
Event: 3.932 GC heap after
Heap after GC invocations=4 (full 0):
 PSYoungGen      total 68608K, used 5108K [0x00000000e0000000, 0x00000000e4800000, 0x0000000100000000)
  eden space 63488K, 0% used [0x00000000e0000000,0x00000000e0000000,0x00000000e3e00000)
  from space 5120K, 99% used [0x00000000e4300000,0x00000000e47fd040,0x00000000e4800000)
  to   space 5120K, 0% used [0x00000000e3e00000,0x00000000e3e00000,0x00000000e4300000)
 ParOldGen       total 84992K, used 7102K [0x00000000a0000000, 0x00000000a5300000, 0x00000000e0000000)
  object space 84992K, 8% used [0x00000000a0000000,0x00000000a06efb00,0x00000000a5300000)
 Metaspace       used 20460K, capacity 20968K, committed 21248K, reserved 1067008K
  class space    used 2838K, capacity 3005K, committed 3072K, reserved 1048576K
}
Event: 3.966 GC heap before
{Heap before GC invocations=5 (full 0):
 PSYoungGen      total 68608K, used 6806K [0x00000000e0000000, 0x00000000e4800000, 0x0000000100000000)
  eden space 63488K, 2% used [0x00000000e0000000,0x00000000e01a8b38,0x00000000e3e00000)
  from space 5120K, 99% used [0x00000000e4300000,0x00000000e47fd040,0x00000000e4800000)
  to   space 5120K, 0% used [0x00000000e3e00000,0x00000000e3e00000,0x00000000e4300000)
 ParOldGen       total 84992K, used 7102K [0x00000000a0000000, 0x00000000a5300000, 0x00000000e0000000)
  object space 84992K, 8% used [0x00000000a0000000,0x00000000a06efb00,0x00000000a5300000)
 Metaspace       used 20617K, capacity 21032K, committed 21248K, reserved 1067008K
  class space    used 2855K, capacity 3005K, committed 3072K, reserved 1048576K
Event: 3.978 GC heap after
Heap after GC invocations=5 (full 0):
 PSYoungGen      total 68608K, used 5092K [0x00000000e0000000, 0x00000000e9000000, 0x0000000100000000)
  eden space 63488K, 0% used [0x00000000e0000000,0x00000000e0000000,0x00000000e3e00000)
  from space 5120K, 99% used [0x00000000e3e00000,0x00000000e42f9050,0x00000000e4300000)
  to   space 10240K, 0% used [0x00000000e8600000,0x00000000e8600000,0x00000000e9000000)
 ParOldGen       total 84992K, used 7366K [0x00000000a0000000, 0x00000000a5300000, 0x00000000e0000000)
  object space 84992K, 8% used [0x00000000a0000000,0x00000000a07319b8,0x00000000a5300000)
 Metaspace       used 20617K, capacity 21032K, committed 21248K, reserved 1067008K
  class space    used 2855K, capacity 3005K, committed 3072K, reserved 1048576K
}
Event: 3.978 GC heap before
{Heap before GC invocations=6 (full 1):
 PSYoungGen      total 68608K, used 5092K [0x00000000e0000000, 0x00000000e9000000, 0x0000000100000000)
  eden space 63488K, 0% used [0x00000000e0000000,0x00000000e0000000,0x00000000e3e00000)
  from space 5120K, 99% used [0x00000000e3e00000,0x00000000e42f9050,0x00000000e4300000)
  to   space 10240K, 0% used [0x00000000e8600000,0x00000000e8600000,0x00000000e9000000)
 ParOldGen       total 84992K, used 7366K [0x00000000a0000000, 0x00000000a5300000, 0x00000000e0000000)
  object space 84992K, 8% used [0x00000000a0000000,0x00000000a07319b8,0x00000000a5300000)
 Metaspace       used 20617K, capacity 21032K, committed 21248K, reserved 1067008K
  class space    used 2855K, capacity 3005K, committed 3072K, reserved 1048576K
Event: 4.036 GC heap after
Heap after GC invocations=6 (full 1):
 PSYoungGen      total 68608K, used 0K [0x00000000e0000000, 0x00000000e9000000, 0x0000000100000000)
  eden space 63488K, 0% used [0x00000000e0000000,0x00000000e0000000,0x00000000e3e00000)
  from space 5120K, 0% used [0x00000000e3e00000,0x00000000e3e00000,0x00000000e4300000)
  to   space 10240K, 0% used [0x00000000e8600000,0x00000000e8600000,0x00000000e9000000)
 ParOldGen       total 48640K, used 6277K [0x00000000a0000000, 0x00000000a2f80000, 0x00000000e0000000)
  object space 48640K, 12% used [0x00000000a0000000,0x00000000a0621648,0x00000000a2f80000)
 Metaspace       used 20617K, capacity 21032K, committed 21248K, reserved 1067008K
  class space    used 2855K, capacity 3005K, committed 3072K, reserved 1048576K
}
Event: 5.602 GC heap before
{Heap before GC invocations=7 (full 1):
 PSYoungGen      total 68608K, used 63488K [0x00000000e0000000, 0x00000000e9000000, 0x0000000100000000)
  eden space 63488K, 100% used [0x00000000e0000000,0x00000000e3e00000,0x00000000e3e00000)
  from space 5120K, 0% used [0x00000000e3e00000,0x00000000e3e00000,0x00000000e4300000)
  to   space 10240K, 0% used [0x00000000e8600000,0x00000000e8600000,0x00000000e9000000)
 ParOldGen       total 48640K, used 6277K [0x00000000a0000000, 0x00000000a2f80000, 0x00000000e0000000)
  object space 48640K, 12% used [0x00000000a0000000,0x00000000a0621648,0x00000000a2f80000)
 Metaspace       used 25631K, capacity 26144K, committed 26496K, reserved 1073152K
  class space    used 3506K, capacity 3697K, committed 3712K, reserved 1048576K
Event: 5.734 GC heap after
Heap after GC invocations=7 (full 1):
 PSYoungGen      total 123392K, used 7094K [0x00000000e0000000, 0x00000000e8d00000, 0x0000000100000000)
  eden space 116224K, 0% used [0x00000000e0000000,0x00000000e0000000,0x00000000e7180000)
  from space 7168K, 98% used [0x00000000e8600000,0x00000000e8cedb90,0x00000000e8d00000)
  to   space 10240K, 0% used [0x00000000e7900000,0x00000000e7900000,0x00000000e8300000)
 ParOldGen       total 48640K, used 6285K [0x00000000a0000000, 0x00000000a2f80000, 0x00000000e0000000)
  object space 48640K, 12% used [0x00000000a0000000,0x00000000a0623648,0x00000000a2f80000)
 Metaspace       used 25631K, capacity 26144K, committed 26496K, reserved 1073152K
  class space    used 3506K, capacity 3697K, committed 3712K, reserved 1048576K
}
Event: 60.311 GC heap before
{Heap before GC invocations=8 (full 1):
 PSYoungGen      total 123392K, used 123318K [0x00000000e0000000, 0x00000000e8d00000, 0x0000000100000000)
  eden space 116224K, 100% used [0x00000000e0000000,0x00000000e7180000,0x00000000e7180000)
  from space 7168K, 98% used [0x00000000e8600000,0x00000000e8cedb90,0x00000000e8d00000)
  to   space 10240K, 0% used [0x00000000e7900000,0x00000000e7900000,0x00000000e8300000)
 ParOldGen       total 48640K, used 6285K [0x00000000a0000000, 0x00000000a2f80000, 0x00000000e0000000)
  object space 48640K, 12% used [0x00000000a0000000,0x00000000a0623648,0x00000000a2f80000)
 Metaspace       used 32155K, capacity 32874K, committed 33024K, reserved 1077248K
  class space    used 4369K, capacity 4602K, committed 4608K, reserved 1048576K

